c:\users\alexa\documents\of_v0.9.3_vs_release\apps\myapps\midipolyphony\obj\debug\maxiatoms.obj
c:\users\alexa\documents\of_v0.9.3_vs_release\apps\myapps\midipolyphony\obj\debug\maximilian.obj
c:\users\alexa\documents\of_v0.9.3_vs_release\apps\myapps\midipolyphony\obj\debug\ofxbasemidi.obj
c:\users\alexa\documents\of_v0.9.3_vs_release\apps\myapps\midipolyphony\obj\debug\fft.obj
c:\users\alexa\documents\of_v0.9.3_vs_release\apps\myapps\midipolyphony\obj\debug\maxifft.obj
c:\users\alexa\documents\of_v0.9.3_vs_release\apps\myapps\midipolyphony\obj\debug\maximfcc.obj
c:\users\alexa\documents\of_v0.9.3_vs_release\apps\myapps\midipolyphony\obj\debug\ofxrtmidiin.obj
c:\users\alexa\documents\of_v0.9.3_vs_release\apps\myapps\midipolyphony\obj\debug\ofxmidiin.obj
c:\users\alexa\documents\of_v0.9.3_vs_release\apps\myapps\midipolyphony\obj\debug\main.obj
c:\users\alexa\documents\of_v0.9.3_vs_release\apps\myapps\midipolyphony\obj\debug\ofxmidiout.obj
c:\users\alexa\documents\of_v0.9.3_vs_release\apps\myapps\midipolyphony\obj\debug\ofxdatguicomponent.obj
c:\users\alexa\documents\of_v0.9.3_vs_release\apps\myapps\midipolyphony\obj\debug\ofapp.obj
c:\users\alexa\documents\of_v0.9.3_vs_release\apps\myapps\midipolyphony\obj\debug\rtmidi.obj
c:\users\alexa\documents\of_v0.9.3_vs_release\apps\myapps\midipolyphony\obj\debug\ofxsmartfont.obj
c:\users\alexa\documents\of_v0.9.3_vs_release\apps\myapps\midipolyphony\obj\debug\ofxmidi.obj
c:\users\alexa\documents\of_v0.9.3_vs_release\apps\myapps\midipolyphony\obj\debug\ofxdatgui.obj
c:\users\alexa\documents\of_v0.9.3_vs_release\apps\myapps\midipolyphony\obj\debug\maxibark.obj
c:\users\alexa\documents\of_v0.9.3_vs_release\apps\myapps\midipolyphony\obj\debug\maxigrains.obj
c:\users\alexa\documents\of_v0.9.3_vs_release\apps\myapps\midipolyphony\obj\debug\stb_vorbis.obj
c:\users\alexa\documents\of_v0.9.3_vs_release\apps\myapps\midipolyphony\obj\debug\ofxrtmidiout.obj
c:\users\alexa\documents\of_v0.9.3_vs_release\apps\myapps\midipolyphony\obj\debug\ofxmidimessage.obj
c:\users\alexa\documents\of_v0.9.3_vs_release\apps\myapps\midipolyphony\obj\debug\vc140.pdb
c:\users\alexa\documents\of_v0.9.3_vs_release\apps\myapps\midipolyphony\bin\midipolyphony_debug.ilk
c:\users\alexa\documents\of_v0.9.3_vs_release\apps\myapps\midipolyphony\bin\midipolyphony_debug.exe
c:\users\alexa\documents\of_v0.9.3_vs_release\apps\myapps\midipolyphony\bin\midipolyphony_debug.pdb
c:\users\alexa\documents\of_v0.9.3_vs_release\apps\myapps\midipolyphony\bin\midipolyphony_debug.lib
c:\users\alexa\documents\of_v0.9.3_vs_release\apps\myapps\midipolyphony\bin\midipolyphony_debug.exp
c:\users\alexa\documents\of_v0.9.3_vs_release\apps\myapps\midipolyphony\obj\debug\icon.res
c:\users\alexa\documents\of_v0.9.3_vs_release\apps\myapps\midipolyphony\obj\debug\midipolyphony.vcxprojresolveassemblyreference.cache
c:\users\alexa\documents\of_v0.9.3_vs_release\apps\myapps\midipolyphony\obj\debug\midipolyphony.tlog\cl.command.1.tlog
c:\users\alexa\documents\of_v0.9.3_vs_release\apps\myapps\midipolyphony\obj\debug\midipolyphony.tlog\cl.read.1.tlog
c:\users\alexa\documents\of_v0.9.3_vs_release\apps\myapps\midipolyphony\obj\debug\midipolyphony.tlog\cl.write.1.tlog
c:\users\alexa\documents\of_v0.9.3_vs_release\apps\myapps\midipolyphony\obj\debug\midipolyphony.tlog\link.command.1.tlog
c:\users\alexa\documents\of_v0.9.3_vs_release\apps\myapps\midipolyphony\obj\debug\midipolyphony.tlog\link.read.1.tlog
c:\users\alexa\documents\of_v0.9.3_vs_release\apps\myapps\midipolyphony\obj\debug\midipolyphony.tlog\link.write.1.tlog
c:\users\alexa\documents\of_v0.9.3_vs_release\apps\myapps\midipolyphony\obj\debug\midipolyphony.tlog\midipolyphony.write.1u.tlog
c:\users\alexa\documents\of_v0.9.3_vs_release\apps\myapps\midipolyphony\obj\debug\midipolyphony.tlog\rc.command.1.tlog
c:\users\alexa\documents\of_v0.9.3_vs_release\apps\myapps\midipolyphony\obj\debug\midipolyphony.tlog\rc.read.1.tlog
c:\users\alexa\documents\of_v0.9.3_vs_release\apps\myapps\midipolyphony\obj\debug\midipolyphony.tlog\rc.write.1.tlog
